[0.009s] Invoking command in '/home/user/ros2_ws/src/lidarbot1/build/lidarbot1': CMAKE_PREFIX_PATH=${CMAKE_PREFIX_PATH}:/opt/ros/humble /usr/bin/cmake --build /home/user/ros2_ws/src/lidarbot1/build/lidarbot1 -- -j12 -l12
[0.029s] -- Found ament_cmake: 1.3.11 (/opt/ros/humble/share/ament_cmake/cmake)
[0.125s] -- Override CMake install command with custom implementation using symlinks instead of copying resources
[0.131s] -- Found rclcpp: 16.0.12 (/opt/ros/humble/share/rclcpp/cmake)
[0.156s] -- Found rosidl_generator_c: 3.1.6 (/opt/ros/humble/share/rosidl_generator_c/cmake)
[0.158s] -- Found rosidl_adapter: 3.1.6 (/opt/ros/humble/share/rosidl_adapter/cmake)
[0.163s] -- Found rosidl_generator_cpp: 3.1.6 (/opt/ros/humble/share/rosidl_generator_cpp/cmake)
[0.171s] -- Using all available rosidl_typesupport_c: rosidl_typesupport_fastrtps_c;rosidl_typesupport_introspection_c
[0.182s] -- Using all available rosidl_typesupport_cpp: rosidl_typesupport_fastrtps_cpp;rosidl_typesupport_introspection_cpp
[0.209s] -- Found rmw_implementation_cmake: 6.1.2 (/opt/ros/humble/share/rmw_implementation_cmake/cmake)
[0.210s] -- Found rmw_cyclonedds_cpp: 1.3.4 (/opt/ros/humble/share/rmw_cyclonedds_cpp/cmake)
[0.225s] -- Using RMW implementation 'rmw_cyclonedds_cpp' as default
[0.266s] -- Found geometry_msgs: 4.8.0 (/opt/ros/humble/share/geometry_msgs/cmake)
[0.278s] -- Found ament_lint_auto: 0.12.12 (/opt/ros/humble/share/ament_lint_auto/cmake)
[0.345s] -- Added test 'cppcheck' to perform static code analysis on C / C++ code
[0.346s] -- Configured cppcheck include dirs: 
[0.346s] -- Configured cppcheck exclude dirs and/or files: 
[0.347s] -- Added test 'flake8' to check Python code syntax and style conventions
[0.350s] -- Added test 'lint_cmake' to check CMake code style
[0.352s] -- Added test 'pep257' to check Python code against some of the docstring style conventions in PEP 257
[0.363s] -- Added test 'uncrustify' to check C / C++ code style
[0.363s] -- Configured uncrustify additional arguments: 
[0.365s] -- Added test 'xmllint' to check XML markup files
[0.365s] -- Configuring done
[0.373s] -- Generating done
[0.376s] -- Build files have been written to: /home/user/ros2_ws/src/lidarbot1/build/lidarbot1
[0.397s] [35m[1mConsolidate compiler generated dependencies of target cmd_vel_subscriber[0m
[0.412s] [100%] Built target cmd_vel_subscriber
[0.422s] Invoked command in '/home/user/ros2_ws/src/lidarbot1/build/lidarbot1' returned '0': CMAKE_PREFIX_PATH=${CMAKE_PREFIX_PATH}:/opt/ros/humble /usr/bin/cmake --build /home/user/ros2_ws/src/lidarbot1/build/lidarbot1 -- -j12 -l12
[0.430s] Invoking command in '/home/user/ros2_ws/src/lidarbot1/build/lidarbot1': CMAKE_PREFIX_PATH=${CMAKE_PREFIX_PATH}:/opt/ros/humble /usr/bin/cmake --install /home/user/ros2_ws/src/lidarbot1/build/lidarbot1
[0.436s] -- Install configuration: ""
[0.437s] -- Execute custom install script
[0.437s] -- Up-to-date symlink: /home/user/ros2_ws/src/lidarbot1/install/lidarbot1/share/lidarbot1//urdf/camera.xacro
[0.437s] -- Up-to-date symlink: /home/user/ros2_ws/src/lidarbot1/install/lidarbot1/share/lidarbot1//urdf/depth_camera.xacro
[0.437s] -- Up-to-date symlink: /home/user/ros2_ws/src/lidarbot1/install/lidarbot1/share/lidarbot1//urdf/gazebo_control.xacro
[0.438s] -- Up-to-date symlink: /home/user/ros2_ws/src/lidarbot1/install/lidarbot1/share/lidarbot1//urdf/lidar.xacro
[0.438s] -- Up-to-date symlink: /home/user/ros2_ws/src/lidarbot1/install/lidarbot1/share/lidarbot1//urdf/lidarbot1.urdf.xacro
[0.438s] -- Up-to-date symlink: /home/user/ros2_ws/src/lidarbot1/install/lidarbot1/share/lidarbot1//urdf/lidarbot1_core.xacro
[0.438s] -- Up-to-date symlink: /home/user/ros2_ws/src/lidarbot1/install/lidarbot1/share/lidarbot1//urdf/ros2_control.xacro
[0.438s] -- Up-to-date symlink: /home/user/ros2_ws/src/lidarbot1/install/lidarbot1/share/lidarbot1//launch/launch_sim.launch.py
[0.438s] -- Up-to-date symlink: /home/user/ros2_ws/src/lidarbot1/install/lidarbot1/share/lidarbot1//launch/rsp.launch.py
[0.438s] -- Up-to-date symlink: /home/user/ros2_ws/src/lidarbot1/install/lidarbot1/share/lidarbot1//launch/rviz.launch.py
[0.438s] -- Up-to-date symlink: /home/user/ros2_ws/src/lidarbot1/install/lidarbot1/share/lidarbot1//rviz/lidarbot1_rviz.rviz
[0.438s] -- Symlinking: /home/user/ros2_ws/src/lidarbot1/install/lidarbot1/share/lidarbot1//config/controllers.yaml
[0.446s] -- Up-to-date symlink: /home/user/ros2_ws/src/lidarbot1/install/lidarbot1/lib/lidarbot1/cmd_vel_subscriber
[0.446s] -- Up-to-date symlink: /home/user/ros2_ws/src/lidarbot1/install/lidarbot1/share/ament_index/resource_index/package_run_dependencies/lidarbot1
[0.446s] -- Up-to-date symlink: /home/user/ros2_ws/src/lidarbot1/install/lidarbot1/share/ament_index/resource_index/parent_prefix_path/lidarbot1
[0.447s] -- Up-to-date symlink: /home/user/ros2_ws/src/lidarbot1/install/lidarbot1/share/lidarbot1/environment/ament_prefix_path.sh
[0.447s] -- Up-to-date symlink: /home/user/ros2_ws/src/lidarbot1/install/lidarbot1/share/lidarbot1/environment/ament_prefix_path.dsv
[0.447s] -- Up-to-date symlink: /home/user/ros2_ws/src/lidarbot1/install/lidarbot1/share/lidarbot1/environment/path.sh
[0.447s] -- Up-to-date symlink: /home/user/ros2_ws/src/lidarbot1/install/lidarbot1/share/lidarbot1/environment/path.dsv
[0.447s] -- Up-to-date symlink: /home/user/ros2_ws/src/lidarbot1/install/lidarbot1/share/lidarbot1/local_setup.bash
[0.447s] -- Up-to-date symlink: /home/user/ros2_ws/src/lidarbot1/install/lidarbot1/share/lidarbot1/local_setup.sh
[0.447s] -- Up-to-date symlink: /home/user/ros2_ws/src/lidarbot1/install/lidarbot1/share/lidarbot1/local_setup.zsh
[0.447s] -- Up-to-date symlink: /home/user/ros2_ws/src/lidarbot1/install/lidarbot1/share/lidarbot1/local_setup.dsv
[0.447s] -- Symlinking: /home/user/ros2_ws/src/lidarbot1/install/lidarbot1/share/lidarbot1/package.dsv
[0.455s] -- Up-to-date symlink: /home/user/ros2_ws/src/lidarbot1/install/lidarbot1/share/ament_index/resource_index/packages/lidarbot1
[0.455s] -- Up-to-date symlink: /home/user/ros2_ws/src/lidarbot1/install/lidarbot1/share/lidarbot1/cmake/lidarbot1Config.cmake
[0.455s] -- Up-to-date symlink: /home/user/ros2_ws/src/lidarbot1/install/lidarbot1/share/lidarbot1/cmake/lidarbot1Config-version.cmake
[0.455s] -- Up-to-date symlink: /home/user/ros2_ws/src/lidarbot1/install/lidarbot1/share/lidarbot1/package.xml
[0.457s] Invoked command in '/home/user/ros2_ws/src/lidarbot1/build/lidarbot1' returned '0': CMAKE_PREFIX_PATH=${CMAKE_PREFIX_PATH}:/opt/ros/humble /usr/bin/cmake --install /home/user/ros2_ws/src/lidarbot1/build/lidarbot1
