-- The C compiler identification is GNU 11.4.0
-- The CXX compiler identification is GNU 11.4.0
-- Detecting C compiler ABI info
-- Detecting C compiler ABI info - done
-- Check for working C compiler: /usr/bin/cc - skipped
-- Detecting C compile features
-- Detecting C compile features - done
-- Detecting CXX compiler ABI info
-- Detecting CXX compiler ABI info - done
-- Check for working CXX compiler: /usr/bin/c++ - skipped
-- Detecting CXX compile features
-- Detecting CXX compile features - done
-- Found ament_cmake: 1.3.11 (/opt/ros/humble/share/ament_cmake/cmake)
-- Found Python3: /usr/bin/python3 (found version "3.10.12") found components: Interpreter 
-- Override CMake install command with custom implementation using symlinks instead of copying resources
-- Found rclcpp: 16.0.12 (/opt/ros/humble/share/rclcpp/cmake)
-- Found rosidl_generator_c: 3.1.6 (/opt/ros/humble/share/rosidl_generator_c/cmake)
-- Found rosidl_adapter: 3.1.6 (/opt/ros/humble/share/rosidl_adapter/cmake)
-- Found rosidl_generator_cpp: 3.1.6 (/opt/ros/humble/share/rosidl_generator_cpp/cmake)
-- Using all available rosidl_typesupport_c: rosidl_typesupport_fastrtps_c;rosidl_typesupport_introspection_c
-- Using all available rosidl_typesupport_cpp: rosidl_typesupport_fastrtps_cpp;rosidl_typesupport_introspection_cpp
-- Found rmw_implementation_cmake: 6.1.2 (/opt/ros/humble/share/rmw_implementation_cmake/cmake)
-- Found rmw_cyclonedds_cpp: 1.3.4 (/opt/ros/humble/share/rmw_cyclonedds_cpp/cmake)
-- Using RMW implementation 'rmw_cyclonedds_cpp' as default
-- Looking for pthread.h
-- Looking for pthread.h - found
-- Performing Test CMAKE_HAVE_LIBC_PTHREAD
-- Performing Test CMAKE_HAVE_LIBC_PTHREAD - Success
-- Found Threads: TRUE  
-- Found geometry_msgs: 4.8.0 (/opt/ros/humble/share/geometry_msgs/cmake)
-- Found ament_lint_auto: 0.12.12 (/opt/ros/humble/share/ament_lint_auto/cmake)
-- Added test 'cppcheck' to perform static code analysis on C / C++ code
-- Configured cppcheck include dirs: 
-- Configured cppcheck exclude dirs and/or files: 
-- Added test 'flake8' to check Python code syntax and style conventions
-- Added test 'lint_cmake' to check CMake code style
-- Added test 'pep257' to check Python code against some of the docstring style conventions in PEP 257
-- Added test 'uncrustify' to check C / C++ code style
-- Configured uncrustify additional arguments: 
-- Added test 'xmllint' to check XML markup files
-- Configuring done
-- Generating done
-- Build files have been written to: /home/user/ros2_ws/src/lidarbot1/build/lidarbot1
[ 50%] [32mBuilding CXX object CMakeFiles/cmd_vel_subscriber.dir/src/subscriber_member_function.cpp.o[0m
[100%] [32m[1mLinking CXX executable cmd_vel_subscriber[0m
[100%] Built target cmd_vel_subscriber
-- Install configuration: ""
-- Execute custom install script
-- Symlinking: /home/user/ros2_ws/src/lidarbot1/install/lidarbot1/share/lidarbot1//urdf/camera.xacro
-- Symlinking: /home/user/ros2_ws/src/lidarbot1/install/lidarbot1/share/lidarbot1//urdf/depth_camera.xacro
-- Symlinking: /home/user/ros2_ws/src/lidarbot1/install/lidarbot1/share/lidarbot1//urdf/gazebo_control.xacro
-- Symlinking: /home/user/ros2_ws/src/lidarbot1/install/lidarbot1/share/lidarbot1//urdf/lidar.xacro
-- Symlinking: /home/user/ros2_ws/src/lidarbot1/install/lidarbot1/share/lidarbot1//urdf/lidarbot1.urdf.xacro
-- Symlinking: /home/user/ros2_ws/src/lidarbot1/install/lidarbot1/share/lidarbot1//urdf/lidarbot1_core.xacro
-- Symlinking: /home/user/ros2_ws/src/lidarbot1/install/lidarbot1/share/lidarbot1//urdf/ros2_control.xacro
-- Symlinking: /home/user/ros2_ws/src/lidarbot1/install/lidarbot1/share/lidarbot1//launch/launch_sim.launch.py
-- Symlinking: /home/user/ros2_ws/src/lidarbot1/install/lidarbot1/share/lidarbot1//launch/rsp.launch.py
-- Symlinking: /home/user/ros2_ws/src/lidarbot1/install/lidarbot1/share/lidarbot1//launch/rviz.launch.py
-- Symlinking: /home/user/ros2_ws/src/lidarbot1/install/lidarbot1/share/lidarbot1//rviz/lidarbot1_rviz.rviz
-- Symlinking: /home/user/ros2_ws/src/lidarbot1/install/lidarbot1/share/lidarbot1//config/my_controllers.yaml
-- Symlinking: /home/user/ros2_ws/src/lidarbot1/install/lidarbot1/lib/lidarbot1/cmd_vel_subscriber
-- Symlinking: /home/user/ros2_ws/src/lidarbot1/install/lidarbot1/share/ament_index/resource_index/package_run_dependencies/lidarbot1
-- Symlinking: /home/user/ros2_ws/src/lidarbot1/install/lidarbot1/share/ament_index/resource_index/parent_prefix_path/lidarbot1
-- Symlinking: /home/user/ros2_ws/src/lidarbot1/install/lidarbot1/share/lidarbot1/environment/ament_prefix_path.sh
-- Symlinking: /home/user/ros2_ws/src/lidarbot1/install/lidarbot1/share/lidarbot1/environment/ament_prefix_path.dsv
-- Symlinking: /home/user/ros2_ws/src/lidarbot1/install/lidarbot1/share/lidarbot1/environment/path.sh
-- Symlinking: /home/user/ros2_ws/src/lidarbot1/install/lidarbot1/share/lidarbot1/environment/path.dsv
-- Symlinking: /home/user/ros2_ws/src/lidarbot1/install/lidarbot1/share/lidarbot1/local_setup.bash
-- Symlinking: /home/user/ros2_ws/src/lidarbot1/install/lidarbot1/share/lidarbot1/local_setup.sh
-- Symlinking: /home/user/ros2_ws/src/lidarbot1/install/lidarbot1/share/lidarbot1/local_setup.zsh
-- Symlinking: /home/user/ros2_ws/src/lidarbot1/install/lidarbot1/share/lidarbot1/local_setup.dsv
-- Symlinking: /home/user/ros2_ws/src/lidarbot1/install/lidarbot1/share/lidarbot1/package.dsv
-- Symlinking: /home/user/ros2_ws/src/lidarbot1/install/lidarbot1/share/ament_index/resource_index/packages/lidarbot1
-- Symlinking: /home/user/ros2_ws/src/lidarbot1/install/lidarbot1/share/lidarbot1/cmake/lidarbot1Config.cmake
-- Symlinking: /home/user/ros2_ws/src/lidarbot1/install/lidarbot1/share/lidarbot1/cmake/lidarbot1Config-version.cmake
-- Symlinking: /home/user/ros2_ws/src/lidarbot1/install/lidarbot1/share/lidarbot1/package.xml
