[0.008s] Invoking command in '/home/user/ros2_ws/src/lidarbot1/build/lidarbot1': CMAKE_PREFIX_PATH=${CMAKE_PREFIX_PATH}:/opt/ros/humble /usr/bin/cmake /home/user/ros2_ws/src/lidarbot1 -DAMENT_CMAKE_SYMLINK_INSTALL=1 -DCMAKE_INSTALL_PREFIX=/home/user/ros2_ws/src/lidarbot1/install/lidarbot1
[3.706s] -- The C compiler identification is GNU 11.4.0
[4.457s] -- The CXX compiler identification is GNU 11.4.0
[4.529s] -- Detecting C compiler ABI info
[4.756s] -- Detecting C compiler ABI info - done
[4.762s] -- Check for working C compiler: /usr/bin/cc - skipped
[4.762s] -- Detecting C compile features
[4.808s] -- Detecting C compile features - done
[4.811s] -- Detecting CXX compiler ABI info
[4.999s] -- Detecting CXX compiler ABI info - done
[5.005s] -- Check for working CXX compiler: /usr/bin/c++ - skipped
[5.005s] -- Detecting CXX compile features
[5.005s] -- Detecting CXX compile features - done
[5.127s] -- Found ament_cmake: 1.3.11 (/opt/ros/humble/share/ament_cmake/cmake)
[6.010s] -- Found Python3: /usr/bin/python3 (found version "3.10.12") found components: Interpreter 
[6.277s] -- Override CMake install command with custom implementation using symlinks instead of copying resources
[7.018s] -- Found rclcpp: 16.0.12 (/opt/ros/humble/share/rclcpp/cmake)
[7.381s] -- Found rosidl_generator_c: 3.1.6 (/opt/ros/humble/share/rosidl_generator_c/cmake)
[7.409s] -- Found rosidl_adapter: 3.1.6 (/opt/ros/humble/share/rosidl_adapter/cmake)
[7.484s] -- Found rosidl_generator_cpp: 3.1.6 (/opt/ros/humble/share/rosidl_generator_cpp/cmake)
[7.612s] -- Using all available rosidl_typesupport_c: rosidl_typesupport_fastrtps_c;rosidl_typesupport_introspection_c
[7.867s] -- Using all available rosidl_typesupport_cpp: rosidl_typesupport_fastrtps_cpp;rosidl_typesupport_introspection_cpp
[9.007s] -- Found rmw_implementation_cmake: 6.1.2 (/opt/ros/humble/share/rmw_implementation_cmake/cmake)
[9.071s] -- Found rmw_cyclonedds_cpp: 1.3.4 (/opt/ros/humble/share/rmw_cyclonedds_cpp/cmake)
[9.629s] -- Using RMW implementation 'rmw_cyclonedds_cpp' as default
[10.199s] -- Looking for pthread.h
[10.700s] -- Looking for pthread.h - found
[10.700s] -- Performing Test CMAKE_HAVE_LIBC_PTHREAD
[10.786s] -- Performing Test CMAKE_HAVE_LIBC_PTHREAD - Success
[10.787s] -- Found Threads: TRUE  
[11.402s] -- Found geometry_msgs: 4.8.0 (/opt/ros/humble/share/geometry_msgs/cmake)
[11.499s] -- Found ament_lint_auto: 0.12.12 (/opt/ros/humble/share/ament_lint_auto/cmake)
[12.036s] -- Added test 'cppcheck' to perform static code analysis on C / C++ code
[12.037s] -- Configured cppcheck include dirs: 
[12.037s] -- Configured cppcheck exclude dirs and/or files: 
[12.059s] -- Added test 'flake8' to check Python code syntax and style conventions
[12.065s] -- Added test 'lint_cmake' to check CMake code style
[12.069s] -- Added test 'pep257' to check Python code against some of the docstring style conventions in PEP 257
[12.078s] -- Added test 'uncrustify' to check C / C++ code style
[12.079s] -- Configured uncrustify additional arguments: 
[12.081s] -- Added test 'xmllint' to check XML markup files
[12.083s] -- Configuring done
[12.093s] -- Generating done
[12.097s] -- Build files have been written to: /home/user/ros2_ws/src/lidarbot1/build/lidarbot1
[12.103s] Invoked command in '/home/user/ros2_ws/src/lidarbot1/build/lidarbot1' returned '0': CMAKE_PREFIX_PATH=${CMAKE_PREFIX_PATH}:/opt/ros/humble /usr/bin/cmake /home/user/ros2_ws/src/lidarbot1 -DAMENT_CMAKE_SYMLINK_INSTALL=1 -DCMAKE_INSTALL_PREFIX=/home/user/ros2_ws/src/lidarbot1/install/lidarbot1
[12.106s] Invoking command in '/home/user/ros2_ws/src/lidarbot1/build/lidarbot1': CMAKE_PREFIX_PATH=${CMAKE_PREFIX_PATH}:/opt/ros/humble /usr/bin/cmake --build /home/user/ros2_ws/src/lidarbot1/build/lidarbot1 -- -j12 -l12
[12.146s] [ 50%] [32mBuilding CXX object CMakeFiles/cmd_vel_subscriber.dir/src/subscriber_member_function.cpp.o[0m
[21.231s] [100%] [32m[1mLinking CXX executable cmd_vel_subscriber[0m
[22.161s] [100%] Built target cmd_vel_subscriber
[22.170s] Invoked command in '/home/user/ros2_ws/src/lidarbot1/build/lidarbot1' returned '0': CMAKE_PREFIX_PATH=${CMAKE_PREFIX_PATH}:/opt/ros/humble /usr/bin/cmake --build /home/user/ros2_ws/src/lidarbot1/build/lidarbot1 -- -j12 -l12
[22.178s] Invoking command in '/home/user/ros2_ws/src/lidarbot1/build/lidarbot1': CMAKE_PREFIX_PATH=${CMAKE_PREFIX_PATH}:/opt/ros/humble /usr/bin/cmake --install /home/user/ros2_ws/src/lidarbot1/build/lidarbot1
[22.184s] -- Install configuration: ""
[22.185s] -- Execute custom install script
[22.185s] -- Symlinking: /home/user/ros2_ws/src/lidarbot1/install/lidarbot1/share/lidarbot1//urdf/camera.xacro
[22.193s] -- Symlinking: /home/user/ros2_ws/src/lidarbot1/install/lidarbot1/share/lidarbot1//urdf/depth_camera.xacro
[22.200s] -- Symlinking: /home/user/ros2_ws/src/lidarbot1/install/lidarbot1/share/lidarbot1//urdf/gazebo_control.xacro
[22.207s] -- Symlinking: /home/user/ros2_ws/src/lidarbot1/install/lidarbot1/share/lidarbot1//urdf/lidar.xacro
[22.214s] -- Symlinking: /home/user/ros2_ws/src/lidarbot1/install/lidarbot1/share/lidarbot1//urdf/lidarbot1.urdf.xacro
[22.220s] -- Symlinking: /home/user/ros2_ws/src/lidarbot1/install/lidarbot1/share/lidarbot1//urdf/lidarbot1_core.xacro
[22.227s] -- Symlinking: /home/user/ros2_ws/src/lidarbot1/install/lidarbot1/share/lidarbot1//urdf/ros2_control.xacro
[22.234s] -- Symlinking: /home/user/ros2_ws/src/lidarbot1/install/lidarbot1/share/lidarbot1//launch/launch_sim.launch.py
[22.242s] -- Symlinking: /home/user/ros2_ws/src/lidarbot1/install/lidarbot1/share/lidarbot1//launch/rsp.launch.py
[22.249s] -- Symlinking: /home/user/ros2_ws/src/lidarbot1/install/lidarbot1/share/lidarbot1//launch/rviz.launch.py
[22.256s] -- Symlinking: /home/user/ros2_ws/src/lidarbot1/install/lidarbot1/share/lidarbot1//rviz/lidarbot1_rviz.rviz
[22.263s] -- Symlinking: /home/user/ros2_ws/src/lidarbot1/install/lidarbot1/share/lidarbot1//config/my_controllers.yaml
[22.270s] -- Symlinking: /home/user/ros2_ws/src/lidarbot1/install/lidarbot1/lib/lidarbot1/cmd_vel_subscriber
[22.278s] -- Symlinking: /home/user/ros2_ws/src/lidarbot1/install/lidarbot1/share/ament_index/resource_index/package_run_dependencies/lidarbot1
[22.285s] -- Symlinking: /home/user/ros2_ws/src/lidarbot1/install/lidarbot1/share/ament_index/resource_index/parent_prefix_path/lidarbot1
[22.292s] -- Symlinking: /home/user/ros2_ws/src/lidarbot1/install/lidarbot1/share/lidarbot1/environment/ament_prefix_path.sh
[22.299s] -- Symlinking: /home/user/ros2_ws/src/lidarbot1/install/lidarbot1/share/lidarbot1/environment/ament_prefix_path.dsv
[22.306s] -- Symlinking: /home/user/ros2_ws/src/lidarbot1/install/lidarbot1/share/lidarbot1/environment/path.sh
[22.313s] -- Symlinking: /home/user/ros2_ws/src/lidarbot1/install/lidarbot1/share/lidarbot1/environment/path.dsv
[22.320s] -- Symlinking: /home/user/ros2_ws/src/lidarbot1/install/lidarbot1/share/lidarbot1/local_setup.bash
[22.328s] -- Symlinking: /home/user/ros2_ws/src/lidarbot1/install/lidarbot1/share/lidarbot1/local_setup.sh
[22.335s] -- Symlinking: /home/user/ros2_ws/src/lidarbot1/install/lidarbot1/share/lidarbot1/local_setup.zsh
[22.342s] -- Symlinking: /home/user/ros2_ws/src/lidarbot1/install/lidarbot1/share/lidarbot1/local_setup.dsv
[22.349s] -- Symlinking: /home/user/ros2_ws/src/lidarbot1/install/lidarbot1/share/lidarbot1/package.dsv
[22.356s] -- Symlinking: /home/user/ros2_ws/src/lidarbot1/install/lidarbot1/share/ament_index/resource_index/packages/lidarbot1
[22.363s] -- Symlinking: /home/user/ros2_ws/src/lidarbot1/install/lidarbot1/share/lidarbot1/cmake/lidarbot1Config.cmake
[22.370s] -- Symlinking: /home/user/ros2_ws/src/lidarbot1/install/lidarbot1/share/lidarbot1/cmake/lidarbot1Config-version.cmake
[22.376s] -- Symlinking: /home/user/ros2_ws/src/lidarbot1/install/lidarbot1/share/lidarbot1/package.xml
[22.385s] Invoked command in '/home/user/ros2_ws/src/lidarbot1/build/lidarbot1' returned '0': CMAKE_PREFIX_PATH=${CMAKE_PREFIX_PATH}:/opt/ros/humble /usr/bin/cmake --install /home/user/ros2_ws/src/lidarbot1/build/lidarbot1
