[0.086s] DEBUG:colcon:Command line arguments: ['/usr/bin/colcon', 'build', '--symlink-install', '--packages-select', 'lidarbot1']
[0.086s] DEBUG:colcon:Parsed command line arguments: Namespace(log_base=None, log_level=None, verb_name='build', build_base='build', install_base='install', merge_install=False, symlink_install=True, test_result_base=None, continue_on_error=False, executor='parallel', parallel_workers=12, event_handlers=None, ignore_user_meta=False, metas=['./colcon.meta'], base_paths=['.'], packages_ignore=None, packages_ignore_regex=None, paths=None, packages_up_to=None, packages_up_to_regex=None, packages_above=None, packages_above_and_dependencies=None, packages_above_depth=None, packages_select_by_dep=None, packages_skip_by_dep=None, packages_skip_up_to=None, packages_select_build_failed=False, packages_skip_build_finished=False, packages_select_test_failures=False, packages_skip_test_passed=False, packages_select=['lidarbot1'], packages_skip=None, packages_select_regex=None, packages_skip_regex=None, packages_start=None, packages_end=None, allow_overriding=[], cmake_args=None, cmake_target=None, cmake_target_skip_unavailable=False, cmake_clean_cache=False, cmake_clean_first=False, cmake_force_configure=False, ament_cmake_args=None, catkin_cmake_args=None, catkin_skip_building_tests=False, verb_parser=<colcon_defaults.argument_parser.defaults.DefaultArgumentsDecorator object at 0x7b081d9608e0>, verb_extension=<colcon_core.verb.build.BuildVerb object at 0x7b081da6dc60>, main=<bound method BuildVerb.main of <colcon_core.verb.build.BuildVerb object at 0x7b081da6dc60>>)
[0.231s] Level 1:colcon.colcon_core.package_discovery:discover_packages(colcon_meta) check parameters
[0.231s] Level 1:colcon.colcon_core.package_discovery:discover_packages(recursive) check parameters
[0.231s] Level 1:colcon.colcon_core.package_discovery:discover_packages(ignore) check parameters
[0.231s] Level 1:colcon.colcon_core.package_discovery:discover_packages(path) check parameters
[0.231s] Level 1:colcon.colcon_core.package_discovery:discover_packages(colcon_meta) discover
[0.231s] Level 1:colcon.colcon_core.package_discovery:discover_packages(recursive) discover
[0.232s] INFO:colcon.colcon_core.package_discovery:Crawling recursively for packages in '/home/user/ros2_ws/src/lidarbot1'
[0.232s] Level 1:colcon.colcon_core.package_identification:_identify(.) by extensions ['ignore', 'ignore_ament_install']
[0.232s] Level 1:colcon.colcon_core.package_identification:_identify(.) by extension 'ignore'
[0.232s] Level 1:colcon.colcon_core.package_identification:_identify(.) by extension 'ignore_ament_install'
[0.232s] Level 1:colcon.colcon_core.package_identification:_identify(.) by extensions ['colcon_pkg']
[0.232s] Level 1:colcon.colcon_core.package_identification:_identify(.) by extension 'colcon_pkg'
[0.232s] Level 1:colcon.colcon_core.package_identification:_identify(.) by extensions ['colcon_meta']
[0.232s] Level 1:colcon.colcon_core.package_identification:_identify(.) by extension 'colcon_meta'
[0.232s] Level 1:colcon.colcon_core.package_identification:_identify(.) by extensions ['ros']
[0.232s] Level 1:colcon.colcon_core.package_identification:_identify(.) by extension 'ros'
[0.243s] DEBUG:colcon.colcon_core.package_identification:Package '.' with type 'ros.ament_cmake' and name 'lidarbot1'
[0.243s] Level 1:colcon.colcon_core.package_discovery:discover_packages(recursive) using defaults
[0.243s] Level 1:colcon.colcon_core.package_discovery:discover_packages(ignore) discover
[0.243s] Level 1:colcon.colcon_core.package_discovery:discover_packages(ignore) using defaults
[0.243s] Level 1:colcon.colcon_core.package_discovery:discover_packages(path) discover
[0.243s] Level 1:colcon.colcon_core.package_discovery:discover_packages(path) using defaults
[0.265s] Level 1:colcon.colcon_core.package_discovery:discover_packages(prefix_path) check parameters
[0.265s] Level 1:colcon.colcon_core.package_discovery:discover_packages(prefix_path) discover
[0.266s] DEBUG:colcon.colcon_installed_package_information.package_discovery:Found 1 installed packages in /home/user/ros2_ws/install
[0.268s] DEBUG:colcon.colcon_installed_package_information.package_discovery:Found 419 installed packages in /opt/ros/humble
[0.270s] Level 1:colcon.colcon_core.package_discovery:discover_packages(prefix_path) using defaults
[0.314s] Level 5:colcon.colcon_core.verb:set package 'lidarbot1' build argument 'cmake_args' from command line to 'None'
[0.314s] Level 5:colcon.colcon_core.verb:set package 'lidarbot1' build argument 'cmake_target' from command line to 'None'
[0.314s] Level 5:colcon.colcon_core.verb:set package 'lidarbot1' build argument 'cmake_target_skip_unavailable' from command line to 'False'
[0.314s] Level 5:colcon.colcon_core.verb:set package 'lidarbot1' build argument 'cmake_clean_cache' from command line to 'False'
[0.314s] Level 5:colcon.colcon_core.verb:set package 'lidarbot1' build argument 'cmake_clean_first' from command line to 'False'
[0.314s] Level 5:colcon.colcon_core.verb:set package 'lidarbot1' build argument 'cmake_force_configure' from command line to 'False'
[0.314s] Level 5:colcon.colcon_core.verb:set package 'lidarbot1' build argument 'ament_cmake_args' from command line to 'None'
[0.314s] Level 5:colcon.colcon_core.verb:set package 'lidarbot1' build argument 'catkin_cmake_args' from command line to 'None'
[0.314s] Level 5:colcon.colcon_core.verb:set package 'lidarbot1' build argument 'catkin_skip_building_tests' from command line to 'False'
[0.314s] DEBUG:colcon.colcon_core.verb:Building package 'lidarbot1' with the following arguments: {'ament_cmake_args': None, 'build_base': '/home/user/ros2_ws/src/lidarbot1/build/lidarbot1', 'catkin_cmake_args': None, 'catkin_skip_building_tests': False, 'cmake_args': None, 'cmake_clean_cache': False, 'cmake_clean_first': False, 'cmake_force_configure': False, 'cmake_target': None, 'cmake_target_skip_unavailable': False, 'install_base': '/home/user/ros2_ws/src/lidarbot1/install/lidarbot1', 'merge_install': False, 'path': '/home/user/ros2_ws/src/lidarbot1', 'symlink_install': True, 'test_result_base': None}
[0.314s] INFO:colcon.colcon_core.executor:Executing jobs using 'parallel' executor
[0.315s] DEBUG:colcon.colcon_parallel_executor.executor.parallel:run_until_complete
[0.315s] INFO:colcon.colcon_ros.task.ament_cmake.build:Building ROS package in '/home/user/ros2_ws/src/lidarbot1' with build type 'ament_cmake'
[0.315s] INFO:colcon.colcon_cmake.task.cmake.build:Building CMake package in '/home/user/ros2_ws/src/lidarbot1'
[0.317s] INFO:colcon.colcon_core.plugin_system:Skipping extension 'colcon_core.shell.bat': Not used on non-Windows systems
[0.317s] INFO:colcon.colcon_core.shell:Skip shell extension 'powershell' for command environment: Not usable outside of PowerShell
[0.317s] DEBUG:colcon.colcon_core.shell:Skip shell extension 'dsv' for command environment
[0.324s] DEBUG:colcon.colcon_core.event_handler.log_command:Invoking command in '/home/user/ros2_ws/src/lidarbot1/build/lidarbot1': CMAKE_PREFIX_PATH=${CMAKE_PREFIX_PATH}:/opt/ros/humble /usr/bin/cmake /home/user/ros2_ws/src/lidarbot1 -DAMENT_CMAKE_SYMLINK_INSTALL=1 -DCMAKE_INSTALL_PREFIX=/home/user/ros2_ws/src/lidarbot1/install/lidarbot1
[12.419s] DEBUG:colcon.colcon_core.event_handler.log_command:Invoked command in '/home/user/ros2_ws/src/lidarbot1/build/lidarbot1' returned '0': CMAKE_PREFIX_PATH=${CMAKE_PREFIX_PATH}:/opt/ros/humble /usr/bin/cmake /home/user/ros2_ws/src/lidarbot1 -DAMENT_CMAKE_SYMLINK_INSTALL=1 -DCMAKE_INSTALL_PREFIX=/home/user/ros2_ws/src/lidarbot1/install/lidarbot1
[12.421s] DEBUG:colcon.colcon_core.event_handler.log_command:Invoking command in '/home/user/ros2_ws/src/lidarbot1/build/lidarbot1': CMAKE_PREFIX_PATH=${CMAKE_PREFIX_PATH}:/opt/ros/humble /usr/bin/cmake --build /home/user/ros2_ws/src/lidarbot1/build/lidarbot1 -- -j12 -l12
[22.486s] DEBUG:colcon.colcon_core.event_handler.log_command:Invoked command in '/home/user/ros2_ws/src/lidarbot1/build/lidarbot1' returned '0': CMAKE_PREFIX_PATH=${CMAKE_PREFIX_PATH}:/opt/ros/humble /usr/bin/cmake --build /home/user/ros2_ws/src/lidarbot1/build/lidarbot1 -- -j12 -l12
[22.494s] DEBUG:colcon.colcon_core.event_handler.log_command:Invoking command in '/home/user/ros2_ws/src/lidarbot1/build/lidarbot1': CMAKE_PREFIX_PATH=${CMAKE_PREFIX_PATH}:/opt/ros/humble /usr/bin/cmake --install /home/user/ros2_ws/src/lidarbot1/build/lidarbot1
[22.700s] Level 1:colcon.colcon_core.environment:create_environment_scripts_only(lidarbot1)
[22.700s] DEBUG:colcon.colcon_core.event_handler.log_command:Invoked command in '/home/user/ros2_ws/src/lidarbot1/build/lidarbot1' returned '0': CMAKE_PREFIX_PATH=${CMAKE_PREFIX_PATH}:/opt/ros/humble /usr/bin/cmake --install /home/user/ros2_ws/src/lidarbot1/build/lidarbot1
[22.702s] Level 1:colcon.colcon_core.environment:checking '/home/user/ros2_ws/src/lidarbot1/install/lidarbot1' for CMake module files
[22.702s] Level 1:colcon.colcon_core.environment:checking '/home/user/ros2_ws/src/lidarbot1/install/lidarbot1' for CMake config files
[22.702s] Level 1:colcon.colcon_core.shell:create_environment_hook('lidarbot1', 'cmake_prefix_path')
[22.702s] INFO:colcon.colcon_core.shell:Creating environment hook '/home/user/ros2_ws/src/lidarbot1/install/lidarbot1/share/lidarbot1/hook/cmake_prefix_path.ps1'
[22.703s] INFO:colcon.colcon_core.shell:Creating environment descriptor '/home/user/ros2_ws/src/lidarbot1/install/lidarbot1/share/lidarbot1/hook/cmake_prefix_path.dsv'
[22.703s] INFO:colcon.colcon_core.shell:Creating environment hook '/home/user/ros2_ws/src/lidarbot1/install/lidarbot1/share/lidarbot1/hook/cmake_prefix_path.sh'
[22.704s] Level 1:colcon.colcon_core.environment:checking '/home/user/ros2_ws/src/lidarbot1/install/lidarbot1/lib'
[22.704s] Level 1:colcon.colcon_core.environment:checking '/home/user/ros2_ws/src/lidarbot1/install/lidarbot1/bin'
[22.704s] Level 1:colcon.colcon_core.environment:checking '/home/user/ros2_ws/src/lidarbot1/install/lidarbot1/lib/pkgconfig/lidarbot1.pc'
[22.704s] Level 1:colcon.colcon_core.environment:checking '/home/user/ros2_ws/src/lidarbot1/install/lidarbot1/lib/python3.10/site-packages'
[22.704s] Level 1:colcon.colcon_core.environment:checking '/home/user/ros2_ws/src/lidarbot1/install/lidarbot1/bin'
[22.705s] INFO:colcon.colcon_core.shell:Creating package script '/home/user/ros2_ws/src/lidarbot1/install/lidarbot1/share/lidarbot1/package.ps1'
[22.705s] INFO:colcon.colcon_core.shell:Creating package descriptor '/home/user/ros2_ws/src/lidarbot1/install/lidarbot1/share/lidarbot1/package.dsv'
[22.706s] INFO:colcon.colcon_core.shell:Creating package script '/home/user/ros2_ws/src/lidarbot1/install/lidarbot1/share/lidarbot1/package.sh'
[22.706s] INFO:colcon.colcon_core.shell:Creating package script '/home/user/ros2_ws/src/lidarbot1/install/lidarbot1/share/lidarbot1/package.bash'
[22.707s] INFO:colcon.colcon_core.shell:Creating package script '/home/user/ros2_ws/src/lidarbot1/install/lidarbot1/share/lidarbot1/package.zsh'
[22.707s] Level 1:colcon.colcon_core.environment:create_file_with_runtime_dependencies(/home/user/ros2_ws/src/lidarbot1/install/lidarbot1/share/colcon-core/packages/lidarbot1)
[22.708s] Level 1:colcon.colcon_core.environment:create_environment_scripts_only(lidarbot1)
[22.708s] Level 1:colcon.colcon_core.environment:checking '/home/user/ros2_ws/src/lidarbot1/install/lidarbot1' for CMake module files
[22.708s] Level 1:colcon.colcon_core.environment:checking '/home/user/ros2_ws/src/lidarbot1/install/lidarbot1' for CMake config files
[22.708s] Level 1:colcon.colcon_core.shell:create_environment_hook('lidarbot1', 'cmake_prefix_path')
[22.708s] INFO:colcon.colcon_core.shell:Creating environment hook '/home/user/ros2_ws/src/lidarbot1/install/lidarbot1/share/lidarbot1/hook/cmake_prefix_path.ps1'
[22.709s] INFO:colcon.colcon_core.shell:Creating environment descriptor '/home/user/ros2_ws/src/lidarbot1/install/lidarbot1/share/lidarbot1/hook/cmake_prefix_path.dsv'
[22.709s] INFO:colcon.colcon_core.shell:Creating environment hook '/home/user/ros2_ws/src/lidarbot1/install/lidarbot1/share/lidarbot1/hook/cmake_prefix_path.sh'
[22.709s] Level 1:colcon.colcon_core.environment:checking '/home/user/ros2_ws/src/lidarbot1/install/lidarbot1/lib'
[22.709s] Level 1:colcon.colcon_core.environment:checking '/home/user/ros2_ws/src/lidarbot1/install/lidarbot1/bin'
[22.709s] Level 1:colcon.colcon_core.environment:checking '/home/user/ros2_ws/src/lidarbot1/install/lidarbot1/lib/pkgconfig/lidarbot1.pc'
[22.710s] Level 1:colcon.colcon_core.environment:checking '/home/user/ros2_ws/src/lidarbot1/install/lidarbot1/lib/python3.10/site-packages'
[22.710s] Level 1:colcon.colcon_core.environment:checking '/home/user/ros2_ws/src/lidarbot1/install/lidarbot1/bin'
[22.710s] INFO:colcon.colcon_core.shell:Creating package script '/home/user/ros2_ws/src/lidarbot1/install/lidarbot1/share/lidarbot1/package.ps1'
[22.710s] INFO:colcon.colcon_core.shell:Creating package descriptor '/home/user/ros2_ws/src/lidarbot1/install/lidarbot1/share/lidarbot1/package.dsv'
[22.711s] INFO:colcon.colcon_core.shell:Creating package script '/home/user/ros2_ws/src/lidarbot1/install/lidarbot1/share/lidarbot1/package.sh'
[22.711s] INFO:colcon.colcon_core.shell:Creating package script '/home/user/ros2_ws/src/lidarbot1/install/lidarbot1/share/lidarbot1/package.bash'
[22.711s] INFO:colcon.colcon_core.shell:Creating package script '/home/user/ros2_ws/src/lidarbot1/install/lidarbot1/share/lidarbot1/package.zsh'
[22.712s] Level 1:colcon.colcon_core.environment:create_file_with_runtime_dependencies(/home/user/ros2_ws/src/lidarbot1/install/lidarbot1/share/colcon-core/packages/lidarbot1)
[22.712s] DEBUG:colcon.colcon_parallel_executor.executor.parallel:closing loop
[22.712s] DEBUG:colcon.colcon_parallel_executor.executor.parallel:loop closed
[22.712s] DEBUG:colcon.colcon_parallel_executor.executor.parallel:run_until_complete finished with '0'
[22.712s] DEBUG:colcon.colcon_core.event_reactor:joining thread
[22.716s] INFO:colcon.colcon_core.plugin_system:Skipping extension 'colcon_notification.desktop_notification.terminal_notifier': Not used on non-Darwin systems
[22.716s] INFO:colcon.colcon_core.plugin_system:Skipping extension 'colcon_notification.desktop_notification.win32': Not used on non-Windows systems
[22.716s] INFO:colcon.colcon_notification.desktop_notification:Sending desktop notification using 'notify2'
[22.724s] DEBUG:colcon.colcon_core.event_reactor:joined thread
[22.725s] INFO:colcon.colcon_core.shell:Creating prefix script '/home/user/ros2_ws/src/lidarbot1/install/local_setup.ps1'
[22.725s] INFO:colcon.colcon_core.shell:Creating prefix util module '/home/user/ros2_ws/src/lidarbot1/install/_local_setup_util_ps1.py'
[22.726s] INFO:colcon.colcon_core.shell:Creating prefix chain script '/home/user/ros2_ws/src/lidarbot1/install/setup.ps1'
[22.727s] INFO:colcon.colcon_core.shell:Creating prefix script '/home/user/ros2_ws/src/lidarbot1/install/local_setup.sh'
[22.728s] INFO:colcon.colcon_core.shell:Creating prefix util module '/home/user/ros2_ws/src/lidarbot1/install/_local_setup_util_sh.py'
[22.728s] INFO:colcon.colcon_core.shell:Creating prefix chain script '/home/user/ros2_ws/src/lidarbot1/install/setup.sh'
[22.729s] INFO:colcon.colcon_core.shell:Creating prefix script '/home/user/ros2_ws/src/lidarbot1/install/local_setup.bash'
[22.729s] INFO:colcon.colcon_core.shell:Creating prefix chain script '/home/user/ros2_ws/src/lidarbot1/install/setup.bash'
[22.730s] INFO:colcon.colcon_core.shell:Creating prefix script '/home/user/ros2_ws/src/lidarbot1/install/local_setup.zsh'
[22.730s] INFO:colcon.colcon_core.shell:Creating prefix chain script '/home/user/ros2_ws/src/lidarbot1/install/setup.zsh'
